<?xml version="1.0" encoding="UTF-8"?>
<!-- Generated by org.testng.reporters.JUnitReportReporter -->
<testsuite hostname="LAPTOP-HEGOA5EQ" name="Academy.validateNavigationBar" tests="1" failures="0" timestamp="30 Aug 2021 19:01:34 GMT" time="3.729" errors="0">
  <testcase name="basePageNavigation" time="3.729" classname="Academy.validateNavigationBar"/>
</testsuite> <!-- Academy.validateNavigationBar -->
