<?xml version="1.0" encoding="UTF-8"?>
<!-- Generated by org.testng.reporters.JUnitReportReporter -->
<testsuite hostname="LAPTOP-HEGOA5EQ" failures="0" tests="1" name="Academy.validateTitle" time="0.434" errors="0" timestamp="2021-09-05T11:19:37 IST" skipped="0">
  <testcase classname="Academy.validateTitle" name="validateAppTitle" time="0.434"/>
  <system-out/>
</testsuite> <!-- Academy.validateTitle -->
